<?xml version="1.0" encoding="UTF-8"?>
<!-- Generated by org.testng.reporters.JUnitXMLReporter -->
<testsuite ignored="5" hostname="DESKTOP-E57FEQI" failures="0" tests="2" name="Test(failed)" time="0.181" errors="0" timestamp="2023-03-31T20:45:20 IST">
  <testcase classname="TestNG.sample3" name="TC9" time="0.04"/>
  <testcase classname="TestNG.sample2" name="TC4" time="0.004"/>
  <testcase classname="TestNG.sample3" name="TC8" time="0.0">
    <ignored/>
  </testcase> <!-- TC8 -->
  <testcase classname="TestNG.sample2" name="TC7" time="0.0">
    <ignored/>
  </testcase> <!-- TC7 -->
  <testcase classname="TestNG.sample2" name="TC5" time="0.0">
    <ignored/>
  </testcase> <!-- TC5 -->
  <testcase classname="TestNG.sample3" name="TC10" time="0.0">
    <ignored/>
  </testcase> <!-- TC10 -->
  <testcase classname="TestNG.sample2" name="TC6" time="0.0">
    <ignored/>
  </testcase> <!-- TC6 -->
</testsuite> <!-- Test(failed) -->
