<?xml version="1.0" encoding="UTF-8"?>
<!-- Generated by org.testng.reporters.JUnitXMLReporter -->
<testsuite ignored="0" hostname="DESKTOP-E57FEQI" failures="0" tests="10" name="Test" time="0.304" errors="0" timestamp="2023-03-31T20:42:21 IST">
  <testcase classname="TestNG.sample1" name="TC1" time="0.029"/>
  <testcase classname="TestNG.sample1" name="TC2" time="0.01"/>
  <testcase classname="TestNG.sample1" name="TC3" time="0.008"/>
  <testcase classname="TestNG.sample2" name="TC4" time="0.006"/>
  <testcase classname="TestNG.sample2" name="TC5" time="0.013"/>
  <testcase classname="TestNG.sample2" name="TC6" time="0.006"/>
  <testcase classname="TestNG.sample2" name="TC7" time="0.004"/>
  <testcase classname="TestNG.sample3" name="TC10" time="0.006"/>
  <testcase classname="TestNG.sample3" name="TC8" time="0.007"/>
  <testcase classname="TestNG.sample3" name="TC9" time="0.022"/>
</testsuite> <!-- Test -->
