<?xml version="1.0" encoding="UTF-8"?>
<!-- Generated by org.testng.reporters.JUnitXMLReporter -->
<testsuite ignored="3" hostname="DESKTOP-E57FEQI" failures="0" tests="1" name="Test(failed)(failed)" time="0.168" errors="0" timestamp="2023-03-31T20:38:35 IST">
  <testcase classname="TestNG.sample2" name="TC6" time="0.04"/>
  <testcase classname="TestNG.sample2" name="TC4" time="0.0">
    <ignored/>
  </testcase> <!-- TC4 -->
  <testcase classname="TestNG.sample2" name="TC7" time="0.0">
    <ignored/>
  </testcase> <!-- TC7 -->
  <testcase classname="TestNG.sample2" name="TC5" time="0.0">
    <ignored/>
  </testcase> <!-- TC5 -->
</testsuite> <!-- Test(failed)(failed) -->
